TN:
SF:/Users/amc/Desktop/NodeLessons/lesson6/test.js
FN:4,(anonymous_1)
FN:5,(anonymous_2)
FN:9,(anonymous_3)
FN:13,(anonymous_4)
FN:17,(anonymous_5)
FN:18,(anonymous_6)
FN:23,(anonymous_7)
FN:24,(anonymous_8)
FN:29,(anonymous_9)
FN:30,(anonymous_10)
FNF:10
FNH:10
FNDA:1,(anonymous_1)
FNDA:1,(anonymous_2)
FNDA:1,(anonymous_3)
FNDA:1,(anonymous_4)
FNDA:1,(anonymous_5)
FNDA:1,(anonymous_6)
FNDA:1,(anonymous_7)
FNDA:1,(anonymous_8)
FNDA:1,(anonymous_9)
FNDA:1,(anonymous_10)
DA:1,1
DA:2,1
DA:4,1
DA:5,1
DA:6,1
DA:9,1
DA:10,1
DA:13,1
DA:14,1
DA:17,1
DA:18,1
DA:19,1
DA:23,1
DA:24,1
DA:25,1
DA:29,1
DA:30,1
DA:31,1
LF:18
LH:18
BRF:0
BRH:0
end_of_record
TN:
SF:/Users/amc/Desktop/NodeLessons/lesson6/index.js
FN:1,(anonymous_1)
FNF:1
FNH:1
FNDA:182,(anonymous_1)
DA:1,1
DA:2,182
DA:3,1
DA:6,181
DA:7,1
DA:10,180
DA:11,1
DA:14,179
DA:15,35
DA:18,144
DA:19,56
DA:22,88
DA:25,1
DA:27,0
DA:29,0
DA:33,1
LF:16
LH:14
BRDA:2,1,0,1
BRDA:2,1,1,181
BRDA:6,2,0,1
BRDA:6,2,1,180
BRDA:10,3,0,1
BRDA:10,3,1,179
BRDA:14,4,0,35
BRDA:14,4,1,144
BRDA:18,5,0,56
BRDA:18,5,1,88
BRDA:25,6,0,0
BRDA:25,6,1,1
BRF:12
BRH:11
end_of_record
